0 info it worked if it ends with ok
1 verbose cli [ '/Users/feliperohde/.nvm/versions/node/v5.8.0/bin/node',
1 verbose cli   '/Users/feliperohde/.nvm/versions/node/v5.8.0/bin/npm',
1 verbose cli   'start' ]
2 info using npm@3.7.3
3 info using node@v5.8.0
4 verbose run-script [ 'prestart', 'start', 'poststart' ]
5 info lifecycle nwitter@0.0.1~prestart: nwitter@0.0.1
6 silly lifecycle nwitter@0.0.1~prestart: no script for prestart, continuing
7 info lifecycle nwitter@0.0.1~start: nwitter@0.0.1
8 verbose lifecycle nwitter@0.0.1~start: unsafe-perm in lifecycle true
9 verbose lifecycle nwitter@0.0.1~start: PATH: /Users/feliperohde/.nvm/versions/node/v5.8.0/lib/node_modules/npm/bin/node-gyp-bin:/Users/feliperohde/Desktop/NodeJs/nwitter/node_modules/.bin:/Users/feliperohde/.nvm/versions/node/v5.8.0/bin:/Users/feliperohde/.nvm/versions/node/v5.8.0/bin:/usr/local/bin:/usr/bin:/bin:/usr/sbin:/sbin
10 verbose lifecycle nwitter@0.0.1~start: CWD: /Users/feliperohde/Desktop/NodeJs/nwitter
11 silly lifecycle nwitter@0.0.1~start: Args: [ '-c', 'node app.js' ]
12 silly lifecycle nwitter@0.0.1~start: Returned: code: 1  signal: null
13 info lifecycle nwitter@0.0.1~start: Failed to exec start script
14 verbose stack Error: nwitter@0.0.1 start: `node app.js`
14 verbose stack Exit status 1
14 verbose stack     at EventEmitter.<anonymous> (/Users/feliperohde/.nvm/versions/node/v5.8.0/lib/node_modules/npm/lib/utils/lifecycle.js:239:16)
14 verbose stack     at emitTwo (events.js:100:13)
14 verbose stack     at EventEmitter.emit (events.js:185:7)
14 verbose stack     at ChildProcess.<anonymous> (/Users/feliperohde/.nvm/versions/node/v5.8.0/lib/node_modules/npm/lib/utils/spawn.js:24:14)
14 verbose stack     at emitTwo (events.js:100:13)
14 verbose stack     at ChildProcess.emit (events.js:185:7)
14 verbose stack     at maybeClose (internal/child_process.js:850:16)
14 verbose stack     at Process.ChildProcess._handle.onexit (internal/child_process.js:215:5)
15 verbose pkgid nwitter@0.0.1
16 verbose cwd /Users/feliperohde/Desktop/NodeJs/nwitter
17 error Darwin 15.5.0
18 error argv "/Users/feliperohde/.nvm/versions/node/v5.8.0/bin/node" "/Users/feliperohde/.nvm/versions/node/v5.8.0/bin/npm" "start"
19 error node v5.8.0
20 error npm  v3.7.3
21 error code ELIFECYCLE
22 error nwitter@0.0.1 start: `node app.js`
22 error Exit status 1
23 error Failed at the nwitter@0.0.1 start script 'node app.js'.
23 error Make sure you have the latest version of node.js and npm installed.
23 error If you do, this is most likely a problem with the nwitter package,
23 error not with npm itself.
23 error Tell the author that this fails on your system:
23 error     node app.js
23 error You can get information on how to open an issue for this project with:
23 error     npm bugs nwitter
23 error Or if that isn't available, you can get their info via:
23 error     npm owner ls nwitter
23 error There is likely additional logging output above.
24 verbose exit [ 1, true ]
